CerealisARTeach/android/app/build/intermediates/manifest_merge_blame_file/debug/manifest-merger-blame-debug-report.txt
1<?xml version="1.0" encoding="utf-8"?>
2<!--
3    ~ Copyright 2022 The TensorFlow Authors. All Rights Reserved.
4    ~
5    ~ Licensed under the Apache License, Version 2.0 (the "License");
6    ~ you may not use this file except in compliance with the License.
7    ~ You may obtain a copy of the License at
8    ~
9    ~       http://www.apache.org/licenses/LICENSE-2.0
10    ~
11    ~ Unless required by applicable law or agreed to in writing, software
12    ~ distributed under the License is distributed on an "AS IS" BASIS,
13    ~ WITHOUT WARRANTIES OR CONDITIONS OF ANY KIND, either express or implied.
14    ~ See the License for the specific language governing permissions and
15    ~ limitations under the License.
16-->
17<manifest xmlns:android="http://schemas.android.com/apk/res/android"
18    xmlns:dist="http://schemas.android.com/apk/distribution"
19    package="org.tensorflow.lite.examples.imageclassification"
20    android:versionCode="1"
21    android:versionName="1.0" >
22
23    <uses-sdk
24        android:minSdkVersion="23"
24-->src/main/AndroidManifest.xml
25        android:targetSdkVersion="32" />
25-->src/main/AndroidManifest.xml
26
27    <uses-feature
27-->src/main/AndroidManifest.xml:22:5-78
28        android:glEsVersion="0x00030000"
28-->src/main/AndroidManifest.xml:22:19-51
29        android:required="true" />
29-->src/main/AndroidManifest.xml:22:52-75
30    <!-- Enable instant app support -->
31    <dist:module dist:instant="true" />
31-->src/main/AndroidManifest.xml:24:5-40
31-->src/main/AndroidManifest.xml:24:18-37
32
33    <!-- Declare features -->
34    <uses-feature android:name="android.hardware.camera" />
34-->src/main/AndroidManifest.xml:27:5-60
34-->src/main/AndroidManifest.xml:27:19-57
35
36    <!-- Declare permissions -->
37    <uses-permission android:name="android.permission.CAMERA" />
37-->src/main/AndroidManifest.xml:30:5-65
37-->src/main/AndroidManifest.xml:30:22-62
38    <uses-permission android:name="android.permission.WRITE_EXTERNAL_STORAGE" />
39    <uses-permission android:name="android.permission.READ_PHONE_STATE" />
40    <uses-permission android:name="android.permission.READ_EXTERNAL_STORAGE" />
41
42    <application
42-->src/main/AndroidManifest.xml:32:5-66:19
43        android:allowBackup="true"
43-->src/main/AndroidManifest.xml:33:9-35
44        android:appComponentFactory="androidx.core.app.CoreComponentFactory"
44-->[androidx.core:core:1.8.0] AndroidManifest.xml:24:18-86
45        android:debuggable="true"
46        android:extractNativeLibs="false"
47        android:icon="@mipmap/logoapp"
47-->src/main/AndroidManifest.xml:34:9-39
48        android:label="@string/app_name"
48-->src/main/AndroidManifest.xml:35:9-41
49        android:roundIcon="@mipmap/logoapp"
49-->src/main/AndroidManifest.xml:36:9-44
50        android:supportsRtl="true"
50-->src/main/AndroidManifest.xml:37:9-35
51        android:taskAffinity=""
51-->src/main/AndroidManifest.xml:38:9-32
52        android:testOnly="true" >
53        <meta-data
53-->src/main/AndroidManifest.xml:40:9-42:40
54            android:name="com.google.ar.core"
54-->src/main/AndroidManifest.xml:41:13-46
55            android:value="required" />
55-->src/main/AndroidManifest.xml:42:13-37
56
57        <activity
57-->src/main/AndroidManifest.xml:44:9-65:20
58            android:name="org.tensorflow.lite.examples.imageclassification.MainActivity"
58-->src/main/AndroidManifest.xml:45:13-41
59            android:clearTaskOnLaunch="true"
59-->src/main/AndroidManifest.xml:46:13-45
60            android:configChanges="orientation|screenLayout|screenSize|smallestScreenSize"
60-->src/main/AndroidManifest.xml:47:13-91
61            android:exported="true"
61-->src/main/AndroidManifest.xml:48:13-36
62            android:resizeableActivity="true"
62-->src/main/AndroidManifest.xml:49:13-46
63            android:rotationAnimation="seamless"
63-->src/main/AndroidManifest.xml:50:13-49
64            android:theme="@style/AppTheme" >
64-->src/main/AndroidManifest.xml:51:13-44
65
66            <!-- Main app intent filter -->
67            <intent-filter>
67-->src/main/AndroidManifest.xml:55:13-59:29
68                <action android:name="android.intent.action.MAIN" />
68-->src/main/AndroidManifest.xml:56:17-69
68-->src/main/AndroidManifest.xml:56:25-66
69
70                <category android:name="android.intent.category.LAUNCHER" />
70-->src/main/AndroidManifest.xml:58:17-77
70-->src/main/AndroidManifest.xml:58:27-74
71            </intent-filter>
72
73            <!-- Declare notch support -->
74            <meta-data
74-->src/main/AndroidManifest.xml:62:13-64:40
75                android:name="android.notch_support"
75-->src/main/AndroidManifest.xml:63:17-53
76                android:value="true" />
76-->src/main/AndroidManifest.xml:64:17-37
77        </activity>
78
79        <uses-library
79-->[androidx.window:window:1.1.0-alpha02] AndroidManifest.xml:25:9-27:40
80            android:name="androidx.window.extensions"
80-->[androidx.window:window:1.1.0-alpha02] AndroidManifest.xml:26:13-54
81            android:required="false" />
81-->[androidx.window:window:1.1.0-alpha02] AndroidManifest.xml:27:13-37
82        <uses-library
82-->[androidx.window:window:1.1.0-alpha02] AndroidManifest.xml:28:9-30:40
83            android:name="androidx.window.sidecar"
83-->[androidx.window:window:1.1.0-alpha02] AndroidManifest.xml:29:13-51
84            android:required="false" />
84-->[androidx.window:window:1.1.0-alpha02] AndroidManifest.xml:30:13-37
85
86        <service
86-->[androidx.camera:camera-camera2:1.2.0-alpha02] AndroidManifest.xml:25:9-34:19
87            android:name="androidx.camera.core.impl.MetadataHolderService"
87-->[androidx.camera:camera-camera2:1.2.0-alpha02] AndroidManifest.xml:26:13-75
88            android:enabled="false"
88-->[androidx.camera:camera-camera2:1.2.0-alpha02] AndroidManifest.xml:27:13-36
89            android:exported="false" >
89-->[androidx.camera:camera-camera2:1.2.0-alpha02] AndroidManifest.xml:28:13-37
90            <meta-data
90-->[androidx.camera:camera-camera2:1.2.0-alpha02] AndroidManifest.xml:31:13-33:89
91                android:name="androidx.camera.core.impl.MetadataHolderService.DEFAULT_CONFIG_PROVIDER"
91-->[androidx.camera:camera-camera2:1.2.0-alpha02] AndroidManifest.xml:32:17-103
92                android:value="androidx.camera.camera2.Camera2Config$DefaultProvider" />
92-->[androidx.camera:camera-camera2:1.2.0-alpha02] AndroidManifest.xml:33:17-86
93        </service>
94
95        <provider
95-->[androidx.emoji2:emoji2:1.0.0] AndroidManifest.xml:26:9-34:20
96            android:name="androidx.startup.InitializationProvider"
96-->[androidx.emoji2:emoji2:1.0.0] AndroidManifest.xml:27:13-67
97            android:authorities="org.tensorflow.lite.examples.imageclassification.androidx-startup"
97-->[androidx.emoji2:emoji2:1.0.0] AndroidManifest.xml:28:13-68
98            android:exported="false" >
98-->[androidx.emoji2:emoji2:1.0.0] AndroidManifest.xml:29:13-37
99            <meta-data
99-->[androidx.emoji2:emoji2:1.0.0] AndroidManifest.xml:31:13-33:52
100                android:name="androidx.emoji2.text.EmojiCompatInitializer"
100-->[androidx.emoji2:emoji2:1.0.0] AndroidManifest.xml:32:17-75
101                android:value="androidx.startup" />
101-->[androidx.emoji2:emoji2:1.0.0] AndroidManifest.xml:33:17-49
102            <meta-data
102-->[androidx.lifecycle:lifecycle-process:2.4.0] AndroidManifest.xml:31:13-33:52
103                android:name="androidx.lifecycle.ProcessLifecycleInitializer"
103-->[androidx.lifecycle:lifecycle-process:2.4.0] AndroidManifest.xml:32:17-78
104                android:value="androidx.startup" />
104-->[androidx.lifecycle:lifecycle-process:2.4.0] AndroidManifest.xml:33:17-49
105        </provider>
106    </application>
107
108</manifest>